<?xml version="1.0" encoding="UTF-8"?>
<!-- Generated by org.testng.reporters.JUnitReportReporter -->
<testsuite skipped="0" hostname="pmarchenko-HP-ProBook-450-G4" name="com.mainPackage.MainPageTest" tests="1" failures="0" timestamp="22 Jan 2018 11:42:41 GMT" time="10.307" errors="0">
  <testcase name="mainPage" time="10.307" classname="com.mainPackage.MainPageTest"/>
</testsuite> <!-- com.mainPackage.MainPageTest -->
