<?xml version="1.0" encoding="UTF-8"?>
<!-- Generated by org.testng.reporters.JUnitReportReporter -->
<testsuite skipped="0" hostname="pmarchenko-HP-ProBook-450-G4" name="com.mainPackage.MainPageTest" tests="1" failures="0" timestamp="23 Jan 2018 11:22:11 GMT" time="9.482" errors="0">
  <testcase name="mainPage" time="9.482" classname="com.mainPackage.MainPageTest"/>
</testsuite> <!-- com.mainPackage.MainPageTest -->
