<?xml version="1.0" encoding="UTF-8"?>
<!-- Generated by org.testng.reporters.JUnitReportReporter -->
<testsuite skipped="0" hostname="pmarchenko-HP-ProBook-450-G4" name="com.mainPackage.VacancyPageTest" tests="1" failures="0" timestamp="23 Jan 2018 11:22:11 GMT" time="17.122" errors="0">
  <testcase name="mainPage1" time="17.122" classname="com.mainPackage.VacancyPageTest"/>
</testsuite> <!-- com.mainPackage.VacancyPageTest -->
